<?xml version="1.0" encoding="UTF-8"?>
<testng-results ignored="0" total="1" passed="1" failed="0" skipped="0">
  <reporter-output>
  </reporter-output>
  <suite started-at="2026-04-21T11:13:41 IST" name="Default suite" finished-at="2026-04-21T11:13:42 IST" duration-ms="221">
    <groups>
    </groups>
    <test started-at="2026-04-21T11:13:41 IST" name="Default test" finished-at="2026-04-21T11:13:42 IST" duration-ms="221">
      <class name="tests.LoginTest">
        <test-method signature="loginViaUiPath()[pri:0, instance:tests.LoginTest@223191a6]" started-at="2026-04-21T11:13:41 IST" name="loginViaUiPath" finished-at="2026-04-21T11:13:42 IST" duration-ms="171" status="PASS">
          <reporter-output>
          </reporter-output>
        </test-method> <!-- loginViaUiPath -->
      </class> <!-- tests.LoginTest -->
    </test> <!-- Default test -->
  </suite> <!-- Default suite -->
</testng-results>
